<?xml version="1.0" encoding="UTF-8"?>
<testng-results ignored="0" total="2" passed="2" failed="0" skipped="0">
  <reporter-output>
  </reporter-output>
  <suite started-at="2024-09-09T14:00:29 IST" name="Master Suite" finished-at="2024-09-09T14:01:20 IST" duration-ms="50841">
    <groups>
      <group name="Master">
        <method signature="TC001_AccountRegistrationTest.verify_Account_registration()[pri:0, instance:Testcases.TC001_AccountRegistrationTest@18920cc]" name="verify_Account_registration" class="Testcases.TC001_AccountRegistrationTest"/>
        <method signature="TC002_LoginTest.verify_Login()[pri:0, instance:Testcases.TC002_LoginTest@6492fab5]" name="verify_Login" class="Testcases.TC002_LoginTest"/>
      </group> <!-- Master -->
      <group name="Sanity">
        <method signature="TC002_LoginTest.verify_Login()[pri:0, instance:Testcases.TC002_LoginTest@6492fab5]" name="verify_Login" class="Testcases.TC002_LoginTest"/>
      </group> <!-- Sanity -->
      <group name="Regression">
        <method signature="TC001_AccountRegistrationTest.verify_Account_registration()[pri:0, instance:Testcases.TC001_AccountRegistrationTest@18920cc]" name="verify_Account_registration" class="Testcases.TC001_AccountRegistrationTest"/>
      </group> <!-- Regression -->
    </groups>
    <test started-at="2024-09-09T14:00:29 IST" name="Test" finished-at="2024-09-09T14:01:20 IST" duration-ms="50841">
      <class name="Testcases.TC001_AccountRegistrationTest">
        <test-method is-config="true" signature="setup(java.lang.String,java.lang.String)[pri:0, instance:Testcases.TC001_AccountRegistrationTest@18920cc]" started-at="2024-09-09T14:00:30 IST" name="setup" finished-at="2024-09-09T14:00:39 IST" duration-ms="9608" status="PASS">
          <params>
            <param index="0">
              <value>
                <![CDATA[Windows]]>
              </value>
            </param>
            <param index="1">
              <value>
                <![CDATA[chrome]]>
              </value>
            </param>
          </params>
          <reporter-output>
          </reporter-output>
        </test-method> <!-- setup -->
        <test-method signature="verify_Account_registration()[pri:0, instance:Testcases.TC001_AccountRegistrationTest@18920cc]" started-at="2024-09-09T14:00:39 IST" name="verify_Account_registration" finished-at="2024-09-09T14:00:49 IST" duration-ms="10018" status="PASS">
          <reporter-output>
          </reporter-output>
        </test-method> <!-- verify_Account_registration -->
        <test-method is-config="true" signature="tearDown()[pri:0, instance:Testcases.TC001_AccountRegistrationTest@18920cc]" started-at="2024-09-09T14:00:49 IST" name="tearDown" finished-at="2024-09-09T14:00:51 IST" duration-ms="2017" status="PASS">
          <reporter-output>
          </reporter-output>
        </test-method> <!-- tearDown -->
      </class> <!-- Testcases.TC001_AccountRegistrationTest -->
      <class name="Testcases.TC002_LoginTest">
        <test-method is-config="true" signature="setup(java.lang.String,java.lang.String)[pri:0, instance:Testcases.TC002_LoginTest@6492fab5]" started-at="2024-09-09T14:00:51 IST" name="setup" finished-at="2024-09-09T14:01:15 IST" duration-ms="23126" status="PASS">
          <params>
            <param index="0">
              <value>
                <![CDATA[Windows]]>
              </value>
            </param>
            <param index="1">
              <value>
                <![CDATA[chrome]]>
              </value>
            </param>
          </params>
          <reporter-output>
          </reporter-output>
        </test-method> <!-- setup -->
        <test-method signature="verify_Login()[pri:0, instance:Testcases.TC002_LoginTest@6492fab5]" started-at="2024-09-09T14:01:15 IST" name="verify_Login" finished-at="2024-09-09T14:01:20 IST" duration-ms="5209" status="PASS">
          <reporter-output>
          </reporter-output>
        </test-method> <!-- verify_Login -->
        <test-method is-config="true" signature="tearDown()[pri:0, instance:Testcases.TC002_LoginTest@6492fab5]" started-at="2024-09-09T14:01:20 IST" name="tearDown" finished-at="2024-09-09T14:01:20 IST" duration-ms="394" status="PASS">
          <reporter-output>
          </reporter-output>
        </test-method> <!-- tearDown -->
      </class> <!-- Testcases.TC002_LoginTest -->
    </test> <!-- Test -->
  </suite> <!-- Master Suite -->
</testng-results>
